  
Rebuild target 'stc'
assembling STARTUP.A51...
compiling delay.c...
compiling Exti.c...
compiling GPIO.c...
compiling timer.c...
compiling USART.C...
compiling PCA.c...
compiling random.c...
compiling crc.c...
compiling main.c...
compiling task.c...
compiling led_disp.c...
compiling key_scan.c...
compiling seg_disp.c...
compiling shell.c...
compiling w25qxx.c...
compiling tetris.c...
compiling tetris_init.c...
compiling snake.c...
compiling xmodem.c...
compiling xmodem_init.c...
compiling music.c...
compiling music_dat1.c...
compiling music_dat2.c...
linking...
Program Size: data=9.6 xdata=1124 const=0 code=4529
creating hex file from "stc"...
"stc" - 0 Error(s), 0 Warning(s).
